[2015-12-14 11:31:35] [org.apache.ibatis.logging.jdbc.BaseJdbcLogger:debug()] DEBUG [==>  Preparing: SELECT * from admin WHERE USERNAME = ? ]
[2015-12-14 11:31:36] [org.apache.ibatis.logging.jdbc.BaseJdbcLogger:debug()] DEBUG [==> Parameters: admin(String)]
[2015-12-14 11:31:36] [org.apache.ibatis.logging.jdbc.BaseJdbcLogger:debug()] DEBUG [<==      Total: 1]
[2015-12-14 11:31:36] [org.apache.ibatis.logging.jdbc.BaseJdbcLogger:debug()] DEBUG [==>  Preparing: SELECT * from user ]
[2015-12-14 11:31:36] [org.apache.ibatis.logging.jdbc.BaseJdbcLogger:debug()] DEBUG [==> Parameters: ]
[2015-12-14 11:31:36] [org.apache.ibatis.logging.jdbc.BaseJdbcLogger:debug()] DEBUG [<==      Total: 15]
[2015-12-14 11:33:17] [org.apache.ibatis.logging.jdbc.BaseJdbcLogger:debug()] DEBUG [==>  Preparing: SELECT * from admin WHERE USERNAME = ? ]
[2015-12-14 11:33:17] [org.apache.ibatis.logging.jdbc.BaseJdbcLogger:debug()] DEBUG [==> Parameters: admin(String)]
[2015-12-14 11:33:17] [org.apache.ibatis.logging.jdbc.BaseJdbcLogger:debug()] DEBUG [<==      Total: 1]
[2015-12-14 11:33:17] [org.apache.ibatis.logging.jdbc.BaseJdbcLogger:debug()] DEBUG [==>  Preparing: SELECT * from user ]
[2015-12-14 11:33:17] [org.apache.ibatis.logging.jdbc.BaseJdbcLogger:debug()] DEBUG [==> Parameters: ]
[2015-12-14 11:33:17] [org.apache.ibatis.logging.jdbc.BaseJdbcLogger:debug()] DEBUG [<==      Total: 15]
[2015-12-14 11:33:20] [org.apache.ibatis.logging.jdbc.BaseJdbcLogger:debug()] DEBUG [==>  Preparing: SELECT * from user WHERE id = ? ]
[2015-12-14 11:33:20] [org.apache.ibatis.logging.jdbc.BaseJdbcLogger:debug()] DEBUG [==> Parameters: 3(Integer)]
[2015-12-14 11:33:20] [org.apache.ibatis.logging.jdbc.BaseJdbcLogger:debug()] DEBUG [<==      Total: 1]
[2015-12-14 11:33:25] [org.apache.ibatis.logging.jdbc.BaseJdbcLogger:debug()] DEBUG [==>  Preparing: SELECT * from user WHERE NAME = ? limit 0,5 ]
[2015-12-14 11:33:25] [org.apache.ibatis.logging.jdbc.BaseJdbcLogger:debug()] DEBUG [==> Parameters: 吴瑶(String)]
[2015-12-14 11:33:25] [org.apache.ibatis.logging.jdbc.BaseJdbcLogger:debug()] DEBUG [<==      Total: 5]
[2015-12-14 11:33:27] [org.apache.ibatis.logging.jdbc.BaseJdbcLogger:debug()] DEBUG [==>  Preparing: SELECT * from user WHERE NAME = ? limit 5,5 ]
[2015-12-14 11:33:27] [org.apache.ibatis.logging.jdbc.BaseJdbcLogger:debug()] DEBUG [==> Parameters: 吴瑶(String)]
[2015-12-14 11:33:27] [org.apache.ibatis.logging.jdbc.BaseJdbcLogger:debug()] DEBUG [<==      Total: 5]
[2015-12-14 11:33:28] [org.apache.ibatis.logging.jdbc.BaseJdbcLogger:debug()] DEBUG [==>  Preparing: SELECT * from user WHERE NAME = ? limit 10,5 ]
[2015-12-14 11:33:28] [org.apache.ibatis.logging.jdbc.BaseJdbcLogger:debug()] DEBUG [==> Parameters: 吴瑶(String)]
[2015-12-14 11:33:28] [org.apache.ibatis.logging.jdbc.BaseJdbcLogger:debug()] DEBUG [<==      Total: 3]
[2015-12-14 11:34:53] [org.apache.ibatis.logging.jdbc.BaseJdbcLogger:debug()] DEBUG [==>  Preparing: SELECT * from admin WHERE USERNAME = ? ]
[2015-12-14 11:34:53] [org.apache.ibatis.logging.jdbc.BaseJdbcLogger:debug()] DEBUG [==> Parameters: admin(String)]
[2015-12-14 11:34:53] [org.apache.ibatis.logging.jdbc.BaseJdbcLogger:debug()] DEBUG [<==      Total: 1]
[2015-12-14 11:35:11] [org.apache.ibatis.logging.jdbc.BaseJdbcLogger:debug()] DEBUG [==>  Preparing: SELECT * from admin WHERE USERNAME = ? ]
[2015-12-14 11:35:11] [org.apache.ibatis.logging.jdbc.BaseJdbcLogger:debug()] DEBUG [==> Parameters: admin(String)]
[2015-12-14 11:35:11] [org.apache.ibatis.logging.jdbc.BaseJdbcLogger:debug()] DEBUG [<==      Total: 1]
[2015-12-14 11:35:11] [org.apache.ibatis.logging.jdbc.BaseJdbcLogger:debug()] DEBUG [==>  Preparing: SELECT * from user ]
[2015-12-14 11:35:11] [org.apache.ibatis.logging.jdbc.BaseJdbcLogger:debug()] DEBUG [==> Parameters: ]
[2015-12-14 11:35:11] [org.apache.ibatis.logging.jdbc.BaseJdbcLogger:debug()] DEBUG [<==      Total: 15]
[2015-12-14 11:35:13] [org.apache.ibatis.logging.jdbc.BaseJdbcLogger:debug()] DEBUG [==>  Preparing: SELECT * from user WHERE id = ? ]
[2015-12-14 11:35:13] [org.apache.ibatis.logging.jdbc.BaseJdbcLogger:debug()] DEBUG [==> Parameters: 3(Integer)]
[2015-12-14 11:35:13] [org.apache.ibatis.logging.jdbc.BaseJdbcLogger:debug()] DEBUG [<==      Total: 1]
